Java =/opt/jdk1.5.0_11/bin/java -Xmx256m
TDS =/opt/tomcat/webapps/thredds/WEB-INF
classpath =:/opt/tomcat/webapps/thredds/WEB-INF/lib/grib-5.1.04.jar:/opt/tomcat/webapps/thredds/WEB-INF/lib/netcdf-2.2.21.jar:/opt/tomcat/webapps/thredds/WEB-INF/lib/bufr-1.1.00.jar:/opt/tomcat/webapps/thredds/WEB-INF/lib/opendap-2.0.jar:/opt/tomcat/webapps/thredds/WEB-INF/lib/jdom.jar:/opt/tomcat/webapps/thredds/WEB-INF/lib/nlog4j-1.2.25.jar:/opt/tomcat/webapps/thredds/WEB-INF/lib/commons-httpclient-3.0.1.jar:/opt/tomcat/webapps/thredds/WEB-INF/lib/commons-logging-1.1.jar:/opt/tomcat/webapps/thredds/WEB-INF/lib/commons-codec-1.3.jar
`/opt/jdk1.5.0_11/bin/java -Xmx256m ucar/nc2/iosp/grib/GribIndexer  /local/ldm/etc/GribIndexer.conf`

log4j:WARN No appenders could be found for logger (ucar.nc2.NetcdfFile).
log4j:WARN Please initialize the log4j system properly.
Start Mon Jul 30 16:29:01 MDT 2007
In directory /data/ldm/pub/native/grid/NCEP/DGEX
In directory /data/ldm/pub/native/grid/NCEP/DGEX/CONUS_12km
IndexExtending DGEX_CONUS_12km_20070730_1800.grib2 Mon Jul 30 16:29:03 MDT 2007
In directory /data/ldm/pub/native/grid/NCEP/DGEX/Alaska_12km
Exiting /data/ldm/pub/native/grid/NCEP/GFS another Indexer working here
In directory /data/ldm/pub/native/grid/NCEP/NAM
In directory /data/ldm/pub/native/grid/NCEP/NAM/Alaska_95km
In directory /data/ldm/pub/native/grid/NCEP/NAM/CONUS_80km
In directory /data/ldm/pub/native/grid/NCEP/NAM/CONUS_12km
In directory /data/ldm/pub/native/grid/NCEP/NAM/CONUS_20km
In directory /data/ldm/pub/native/grid/NCEP/NAM/CONUS_20km/noaaport
In directory /data/ldm/pub/native/grid/NCEP/NAM/CONUS_20km/surface
In directory /data/ldm/pub/native/grid/NCEP/NAM/CONUS_20km/selectsurface
In directory /data/ldm/pub/native/grid/NCEP/NAM/Alaska_11km
In directory /data/ldm/pub/native/grid/NCEP/NAM/Alaska_45km
In directory /data/ldm/pub/native/grid/NCEP/NAM/Alaska_45km/noaaport
In directory /data/ldm/pub/native/grid/NCEP/NAM/Alaska_45km/conduit
In directory /data/ldm/pub/native/grid/NCEP/NAM/CONUS_40km
In directory /data/ldm/pub/native/grid/NCEP/NAM/CONUS_40km/noaaport
In directory /data/ldm/pub/native/grid/NCEP/NAM/CONUS_40km/conduit
In directory /data/ldm/pub/native/grid/NCEP/NAM/Alaska_22km
In directory /data/ldm/pub/native/grid/NCEP/NAM/Polar_90km
In directory /data/ldm/pub/native/grid/NCEP/NDFD
In directory /data/ldm/pub/native/grid/NCEP/NDFD/CONUS_5km
In directory /data/ldm/pub/native/grid/NCEP/OCEAN
In directory /data/ldm/pub/native/grid/NCEP/OCEAN/Global_5x2p5deg
In directory /data/ldm/pub/native/grid/NCEP/OCEAN/Global_2x2deg
In directory /data/ldm/pub/native/grid/NCEP/RUC
In directory /data/ldm/pub/native/grid/NCEP/RUC/CONUS_40km
In directory /data/ldm/pub/native/grid/NCEP/RUC/CONUS_80km
IndexExtending RUC_CONUS_80km_20070730_2100.grib1 Mon Jul 30 16:29:16 MDT 2007
In directory /data/ldm/pub/native/grid/NCEP/RUC2
In directory /data/ldm/pub/native/grid/NCEP/RUC2/CONUS_20km
In directory /data/ldm/pub/native/grid/NCEP/RUC2/CONUS_20km/surface
IndexExtending RUC2_CONUS_20km_surface_20070730_2100.grib2 Mon Jul 30 16:29:26 MDT 2007
In directory /data/ldm/pub/native/grid/NCEP/RUC2/CONUS_20km/pressure
In directory /data/ldm/pub/native/grid/NCEP/RUC2/CONUS_20km/hybrid
In directory /data/ldm/pub/native/grid/NCEP/RUC2/CONUS_40km
IndexExtending RUC2_CONUS_40km_20070730_2100.grib1 Mon Jul 30 16:29:38 MDT 2007
In directory /data/ldm/pub/native/grid/NCEP/SPECTRAL
In directory /data/ldm/pub/native/grid/NCEP/SPECTRAL/Global_5x2p5deg
In directory /data/ldm/pub/native/grid/NCEP/SST
In directory /data/ldm/pub/native/grid/NCEP/SST/Global_5x2p5deg
In directory /data/ldm/pub/native/grid/NCEP/SST/Global_2x2deg
In directory /data/ldm/pub/native/grid/CMC
In directory /data/ldm/pub/native/grid/CMC/GEM
In directory /data/ldm/pub/native/grid/ECMWF
In directory /data/ldm/pub/native/grid/ECMWF/Global_2p5
In directory /data/ldm/pub/native/grid/UKMET
In directory /data/ldm/pub/native/grid/UKMET/thin
In directory /data/ldm/pub/native/radar/10km_mosaic
In directory /data/ldm/pub/native/radar/10km_mosaic/20070730
In directory /data/ldm/pub/native/radar/10km_mosaic/20070728
In directory /data/ldm/pub/native/radar/10km_mosaic/20070729
In directory /data/ldm/pub/native/radar/10km_mosaic/20070727
In directory /data/ldm/pub/native/radar/10km_mosaic/20070725
In directory /data/ldm/pub/native/radar/10km_mosaic/20070726
In directory /data/ldm/pub/native/radar/composite/grib1
In directory /data/ldm/pub/native/radar/composite/grib1/N0R
In directory /data/ldm/pub/native/radar/composite/grib1/N0R/20070725
In directory /data/ldm/pub/native/radar/composite/grib1/N0R/20070726
In directory /data/ldm/pub/native/radar/composite/grib1/N0R/20070727
In directory /data/ldm/pub/native/radar/composite/grib1/N0R/20070728
In directory /data/ldm/pub/native/radar/composite/grib1/N0R/20070729
In directory /data/ldm/pub/native/radar/composite/grib1/N0R/20070730
In directory /data/ldm/pub/native/radar/composite/grib1/NET
In directory /data/ldm/pub/native/radar/composite/grib1/NET/20070725
In directory /data/ldm/pub/native/radar/composite/grib1/NET/20070726
In directory /data/ldm/pub/native/radar/composite/grib1/NET/20070727
In directory /data/ldm/pub/native/radar/composite/grib1/NET/20070728
In directory /data/ldm/pub/native/radar/composite/grib1/NET/20070729
In directory /data/ldm/pub/native/radar/composite/grib1/NET/20070730
Indexing Level3_Composite_NET_20070730_2144.grib1 Mon Jul 30 16:30:22 MDT 2007
In directory /data/ldm/pub/native/radar/composite/grib2
In directory /data/ldm/pub/native/radar/composite/grib2/N0R
In directory /data/ldm/pub/native/radar/composite/grib2/N0R/20070725
In directory /data/ldm/pub/native/radar/composite/grib2/N0R/20070726
In directory /data/ldm/pub/native/radar/composite/grib2/N0R/20070727
In directory /data/ldm/pub/native/radar/composite/grib2/N0R/20070728
In directory /data/ldm/pub/native/radar/composite/grib2/N0R/20070729
In directory /data/ldm/pub/native/radar/composite/grib2/N0R/20070730
Indexing Level3_Composite_N0R_20070730_2149.grib2 Mon Jul 30 16:30:46 MDT 2007
End Mon Jul 30 16:30:57 MDT 2007
